[0.213s] DEBUG:colcon:Command line arguments: ['/usr/bin/colcon', 'build', '--packages-select', 'final_code']
[0.213s] DEBUG:colcon:Parsed command line arguments: Namespace(log_base=None, log_level=None, verb_name='build', build_base='build', install_base='install', merge_install=False, symlink_install=False, test_result_base=None, continue_on_error=False, executor='parallel', parallel_workers=8, event_handlers=None, ignore_user_meta=False, metas=['./colcon.meta'], base_paths=['.'], packages_ignore=None, packages_ignore_regex=None, paths=None, packages_up_to=None, packages_up_to_regex=None, packages_above=None, packages_above_and_dependencies=None, packages_above_depth=None, packages_select_by_dep=None, packages_skip_by_dep=None, packages_skip_up_to=None, packages_select_build_failed=False, packages_skip_build_finished=False, packages_select_test_failures=False, packages_skip_test_passed=False, packages_select=['final_code'], packages_skip=None, packages_select_regex=None, packages_skip_regex=None, packages_start=None, packages_end=None, allow_overriding=[], cmake_args=None, cmake_target=None, cmake_target_skip_unavailable=False, cmake_clean_cache=False, cmake_clean_first=False, cmake_force_configure=False, ament_cmake_args=None, catkin_cmake_args=None, catkin_skip_building_tests=False, mixin_files=None, mixin=None, verb_parser=<colcon_mixin.mixin.mixin_argument.MixinArgumentDecorator object at 0x7eb5b0a75ff0>, verb_extension=<colcon_core.verb.build.BuildVerb object at 0x7eb5b0a759f0>, main=<bound method BuildVerb.main of <colcon_core.verb.build.BuildVerb object at 0x7eb5b0a759f0>>, mixin_verb=('build',))
[0.586s] Level 1:colcon.colcon_core.package_discovery:discover_packages(colcon_meta) check parameters
[0.586s] Level 1:colcon.colcon_core.package_discovery:discover_packages(recursive) check parameters
[0.586s] Level 1:colcon.colcon_core.package_discovery:discover_packages(ignore) check parameters
[0.586s] Level 1:colcon.colcon_core.package_discovery:discover_packages(path) check parameters
[0.586s] Level 1:colcon.colcon_core.package_discovery:discover_packages(colcon_meta) discover
[0.586s] Level 1:colcon.colcon_core.package_discovery:discover_packages(recursive) discover
[0.587s] INFO:colcon.colcon_core.package_discovery:Crawling recursively for packages in '/home/zeyi19@netid.washington.edu/ningbo_ws/src/final_code'
[0.587s] Level 1:colcon.colcon_core.package_identification:_identify(.) by extensions ['ignore', 'ignore_ament_install']
[0.587s] Level 1:colcon.colcon_core.package_identification:_identify(.) by extension 'ignore'
[0.587s] Level 1:colcon.colcon_core.package_identification:_identify(.) by extension 'ignore_ament_install'
[0.587s] Level 1:colcon.colcon_core.package_identification:_identify(.) by extensions ['colcon_pkg']
[0.587s] Level 1:colcon.colcon_core.package_identification:_identify(.) by extension 'colcon_pkg'
[0.587s] Level 1:colcon.colcon_core.package_identification:_identify(.) by extensions ['colcon_meta']
[0.587s] Level 1:colcon.colcon_core.package_identification:_identify(.) by extension 'colcon_meta'
[0.587s] Level 1:colcon.colcon_core.package_identification:_identify(.) by extensions ['ros']
[0.587s] Level 1:colcon.colcon_core.package_identification:_identify(.) by extension 'ros'
[0.611s] DEBUG:colcon.colcon_core.package_identification:Package '.' with type 'ros.ament_python' and name 'final_code'
[0.611s] Level 1:colcon.colcon_core.package_discovery:discover_packages(recursive) using defaults
[0.612s] Level 1:colcon.colcon_core.package_discovery:discover_packages(ignore) discover
[0.612s] Level 1:colcon.colcon_core.package_discovery:discover_packages(ignore) using defaults
[0.612s] Level 1:colcon.colcon_core.package_discovery:discover_packages(path) discover
[0.612s] Level 1:colcon.colcon_core.package_discovery:discover_packages(path) using defaults
[0.669s] Level 1:colcon.colcon_core.package_discovery:discover_packages(prefix_path) check parameters
[0.669s] Level 1:colcon.colcon_core.package_discovery:discover_packages(prefix_path) discover
[0.680s] DEBUG:colcon.colcon_installed_package_information.package_discovery:Found 12 installed packages in /home/zeyi19@netid.washington.edu/TECHIN516/turtlebot_ws/install
[0.683s] DEBUG:colcon.colcon_installed_package_information.package_discovery:Found 93 installed packages in /home/zeyi19@netid.washington.edu/ningbo_ws/install
[0.686s] DEBUG:colcon.colcon_installed_package_information.package_discovery:Found 439 installed packages in /opt/ros/humble
[0.693s] Level 1:colcon.colcon_core.package_discovery:discover_packages(prefix_path) using defaults
[0.812s] Level 5:colcon.colcon_core.verb:set package 'final_code' build argument 'cmake_args' from command line to 'None'
[0.812s] Level 5:colcon.colcon_core.verb:set package 'final_code' build argument 'cmake_target' from command line to 'None'
[0.812s] Level 5:colcon.colcon_core.verb:set package 'final_code' build argument 'cmake_target_skip_unavailable' from command line to 'False'
[0.812s] Level 5:colcon.colcon_core.verb:set package 'final_code' build argument 'cmake_clean_cache' from command line to 'False'
[0.812s] Level 5:colcon.colcon_core.verb:set package 'final_code' build argument 'cmake_clean_first' from command line to 'False'
[0.812s] Level 5:colcon.colcon_core.verb:set package 'final_code' build argument 'cmake_force_configure' from command line to 'False'
[0.812s] Level 5:colcon.colcon_core.verb:set package 'final_code' build argument 'ament_cmake_args' from command line to 'None'
[0.812s] Level 5:colcon.colcon_core.verb:set package 'final_code' build argument 'catkin_cmake_args' from command line to 'None'
[0.812s] Level 5:colcon.colcon_core.verb:set package 'final_code' build argument 'catkin_skip_building_tests' from command line to 'False'
[0.812s] DEBUG:colcon.colcon_core.verb:Building package 'final_code' with the following arguments: {'ament_cmake_args': None, 'build_base': '/home/zeyi19@netid.washington.edu/ningbo_ws/src/final_code/build/final_code', 'catkin_cmake_args': None, 'catkin_skip_building_tests': False, 'cmake_args': None, 'cmake_clean_cache': False, 'cmake_clean_first': False, 'cmake_force_configure': False, 'cmake_target': None, 'cmake_target_skip_unavailable': False, 'install_base': '/home/zeyi19@netid.washington.edu/ningbo_ws/src/final_code/install/final_code', 'merge_install': False, 'path': '/home/zeyi19@netid.washington.edu/ningbo_ws/src/final_code', 'symlink_install': False, 'test_result_base': None}
[0.813s] INFO:colcon.colcon_core.executor:Executing jobs using 'parallel' executor
[0.815s] DEBUG:colcon.colcon_parallel_executor.executor.parallel:run_until_complete
[0.816s] INFO:colcon.colcon_ros.task.ament_python.build:Building ROS package in '/home/zeyi19@netid.washington.edu/ningbo_ws/src/final_code' with build type 'ament_python'
[0.816s] Level 1:colcon.colcon_core.shell:create_environment_hook('final_code', 'ament_prefix_path')
[0.822s] INFO:colcon.colcon_core.plugin_system:Skipping extension 'colcon_core.shell.bat': Not used on non-Windows systems
[0.823s] INFO:colcon.colcon_core.shell:Creating environment hook '/home/zeyi19@netid.washington.edu/ningbo_ws/src/final_code/install/final_code/share/final_code/hook/ament_prefix_path.ps1'
[0.825s] INFO:colcon.colcon_core.shell:Creating environment descriptor '/home/zeyi19@netid.washington.edu/ningbo_ws/src/final_code/install/final_code/share/final_code/hook/ament_prefix_path.dsv'
[0.827s] INFO:colcon.colcon_core.shell:Creating environment hook '/home/zeyi19@netid.washington.edu/ningbo_ws/src/final_code/install/final_code/share/final_code/hook/ament_prefix_path.sh'
[0.829s] INFO:colcon.colcon_core.shell:Skip shell extension 'powershell' for command environment: Not usable outside of PowerShell
[0.829s] DEBUG:colcon.colcon_core.shell:Skip shell extension 'dsv' for command environment
[1.316s] INFO:colcon.colcon_core.task.python.build:Building Python package in '/home/zeyi19@netid.washington.edu/ningbo_ws/src/final_code'
[1.318s] INFO:colcon.colcon_core.shell:Skip shell extension 'powershell' for command environment: Not usable outside of PowerShell
[1.318s] DEBUG:colcon.colcon_core.shell:Skip shell extension 'dsv' for command environment
[2.012s] DEBUG:colcon.colcon_core.event_handler.log_command:Invoking command in '/home/zeyi19@netid.washington.edu/ningbo_ws/src/final_code': PYTHONPATH=/home/zeyi19@netid.washington.edu/ningbo_ws/src/final_code/build/final_code/prefix_override:/usr/lib/python3/dist-packages/colcon_core/task/python/colcon_distutils_commands:/home/zeyi19@netid.washington.edu/ningbo_ws/src/final_code/install/final_code/lib/python3.10/site-packages:${PYTHONPATH} /usr/bin/python3 -W ignore:setup.py install is deprecated -W ignore:easy_install command is deprecated setup.py egg_info --egg-base build/final_code build --build-base /home/zeyi19@netid.washington.edu/ningbo_ws/src/final_code/build/final_code/build install --record /home/zeyi19@netid.washington.edu/ningbo_ws/src/final_code/build/final_code/install.log --single-version-externally-managed install_data
[2.550s] DEBUG:colcon.colcon_core.event_handler.log_command:Invoked command in '/home/zeyi19@netid.washington.edu/ningbo_ws/src/final_code' returned '0': PYTHONPATH=/home/zeyi19@netid.washington.edu/ningbo_ws/src/final_code/build/final_code/prefix_override:/usr/lib/python3/dist-packages/colcon_core/task/python/colcon_distutils_commands:/home/zeyi19@netid.washington.edu/ningbo_ws/src/final_code/install/final_code/lib/python3.10/site-packages:${PYTHONPATH} /usr/bin/python3 -W ignore:setup.py install is deprecated -W ignore:easy_install command is deprecated setup.py egg_info --egg-base build/final_code build --build-base /home/zeyi19@netid.washington.edu/ningbo_ws/src/final_code/build/final_code/build install --record /home/zeyi19@netid.washington.edu/ningbo_ws/src/final_code/build/final_code/install.log --single-version-externally-managed install_data
[2.556s] Level 1:colcon.colcon_core.environment:checking '/home/zeyi19@netid.washington.edu/ningbo_ws/src/final_code/install/final_code' for CMake module files
[2.557s] Level 1:colcon.colcon_core.environment:checking '/home/zeyi19@netid.washington.edu/ningbo_ws/src/final_code/install/final_code' for CMake config files
[2.559s] Level 1:colcon.colcon_core.environment:checking '/home/zeyi19@netid.washington.edu/ningbo_ws/src/final_code/install/final_code/lib'
[2.559s] Level 1:colcon.colcon_core.environment:checking '/home/zeyi19@netid.washington.edu/ningbo_ws/src/final_code/install/final_code/bin'
[2.559s] Level 1:colcon.colcon_core.environment:checking '/home/zeyi19@netid.washington.edu/ningbo_ws/src/final_code/install/final_code/lib/pkgconfig/final_code.pc'
[2.560s] Level 1:colcon.colcon_core.environment:checking '/home/zeyi19@netid.washington.edu/ningbo_ws/src/final_code/install/final_code/lib/python3.10/site-packages'
[2.560s] Level 1:colcon.colcon_core.shell:create_environment_hook('final_code', 'pythonpath')
[2.560s] INFO:colcon.colcon_core.shell:Creating environment hook '/home/zeyi19@netid.washington.edu/ningbo_ws/src/final_code/install/final_code/share/final_code/hook/pythonpath.ps1'
[2.562s] INFO:colcon.colcon_core.shell:Creating environment descriptor '/home/zeyi19@netid.washington.edu/ningbo_ws/src/final_code/install/final_code/share/final_code/hook/pythonpath.dsv'
[2.563s] INFO:colcon.colcon_core.shell:Creating environment hook '/home/zeyi19@netid.washington.edu/ningbo_ws/src/final_code/install/final_code/share/final_code/hook/pythonpath.sh'
[2.564s] Level 1:colcon.colcon_core.environment:checking '/home/zeyi19@netid.washington.edu/ningbo_ws/src/final_code/install/final_code/bin'
[2.565s] Level 1:colcon.colcon_core.environment:create_environment_scripts_only(final_code)
[2.565s] INFO:colcon.colcon_core.shell:Creating package script '/home/zeyi19@netid.washington.edu/ningbo_ws/src/final_code/install/final_code/share/final_code/package.ps1'
[2.566s] INFO:colcon.colcon_core.shell:Creating package descriptor '/home/zeyi19@netid.washington.edu/ningbo_ws/src/final_code/install/final_code/share/final_code/package.dsv'
[2.567s] INFO:colcon.colcon_core.shell:Creating package script '/home/zeyi19@netid.washington.edu/ningbo_ws/src/final_code/install/final_code/share/final_code/package.sh'
[2.568s] INFO:colcon.colcon_core.shell:Creating package script '/home/zeyi19@netid.washington.edu/ningbo_ws/src/final_code/install/final_code/share/final_code/package.bash'
[2.570s] INFO:colcon.colcon_core.shell:Creating package script '/home/zeyi19@netid.washington.edu/ningbo_ws/src/final_code/install/final_code/share/final_code/package.zsh'
[2.571s] Level 1:colcon.colcon_core.environment:create_file_with_runtime_dependencies(/home/zeyi19@netid.washington.edu/ningbo_ws/src/final_code/install/final_code/share/colcon-core/packages/final_code)
[2.571s] DEBUG:colcon.colcon_parallel_executor.executor.parallel:closing loop
[2.572s] DEBUG:colcon.colcon_parallel_executor.executor.parallel:loop closed
[2.572s] DEBUG:colcon.colcon_parallel_executor.executor.parallel:run_until_complete finished with '0'
[2.572s] DEBUG:colcon.colcon_core.event_reactor:joining thread
[2.581s] INFO:colcon.colcon_core.plugin_system:Skipping extension 'colcon_notification.desktop_notification.terminal_notifier': Not used on non-Darwin systems
[2.581s] INFO:colcon.colcon_core.plugin_system:Skipping extension 'colcon_notification.desktop_notification.win32': Not used on non-Windows systems
[2.582s] INFO:colcon.colcon_notification.desktop_notification:Sending desktop notification using 'notify2'
[2.605s] DEBUG:colcon.colcon_core.event_reactor:joined thread
[2.605s] INFO:colcon.colcon_core.shell:Creating prefix script '/home/zeyi19@netid.washington.edu/ningbo_ws/src/final_code/install/local_setup.ps1'
[2.607s] INFO:colcon.colcon_core.shell:Creating prefix util module '/home/zeyi19@netid.washington.edu/ningbo_ws/src/final_code/install/_local_setup_util_ps1.py'
[2.609s] INFO:colcon.colcon_core.shell:Creating prefix chain script '/home/zeyi19@netid.washington.edu/ningbo_ws/src/final_code/install/setup.ps1'
[2.619s] INFO:colcon.colcon_core.shell:Creating prefix script '/home/zeyi19@netid.washington.edu/ningbo_ws/src/final_code/install/local_setup.sh'
[2.620s] INFO:colcon.colcon_core.shell:Creating prefix util module '/home/zeyi19@netid.washington.edu/ningbo_ws/src/final_code/install/_local_setup_util_sh.py'
[2.622s] INFO:colcon.colcon_core.shell:Creating prefix chain script '/home/zeyi19@netid.washington.edu/ningbo_ws/src/final_code/install/setup.sh'
[2.635s] INFO:colcon.colcon_core.shell:Creating prefix script '/home/zeyi19@netid.washington.edu/ningbo_ws/src/final_code/install/local_setup.bash'
[2.636s] INFO:colcon.colcon_core.shell:Creating prefix chain script '/home/zeyi19@netid.washington.edu/ningbo_ws/src/final_code/install/setup.bash'
[2.644s] INFO:colcon.colcon_core.shell:Creating prefix script '/home/zeyi19@netid.washington.edu/ningbo_ws/src/final_code/install/local_setup.zsh'
[2.645s] INFO:colcon.colcon_core.shell:Creating prefix chain script '/home/zeyi19@netid.washington.edu/ningbo_ws/src/final_code/install/setup.zsh'
