running egg_info
writing build/final_code/final_code.egg-info/PKG-INFO
writing dependency_links to build/final_code/final_code.egg-info/dependency_links.txt
writing entry points to build/final_code/final_code.egg-info/entry_points.txt
writing requirements to build/final_code/final_code.egg-info/requires.txt
writing top-level names to build/final_code/final_code.egg-info/top_level.txt
reading manifest file 'build/final_code/final_code.egg-info/SOURCES.txt'
writing manifest file 'build/final_code/final_code.egg-info/SOURCES.txt'
running build
running build_py
copying final_code/car_bonus.py -> /home/zeyi19@netid.washington.edu/ningbo_ws/src/final_code/build/final_code/build/lib/final_code
running install
running install_lib
copying /home/zeyi19@netid.washington.edu/ningbo_ws/src/final_code/build/final_code/build/lib/final_code/car_bonus.py -> /home/zeyi19@netid.washington.edu/ningbo_ws/src/final_code/install/final_code/lib/python3.10/site-packages/final_code
byte-compiling /home/zeyi19@netid.washington.edu/ningbo_ws/src/final_code/install/final_code/lib/python3.10/site-packages/final_code/car_bonus.py to car_bonus.cpython-310.pyc
running install_data
running install_egg_info
removing '/home/zeyi19@netid.washington.edu/ningbo_ws/src/final_code/install/final_code/lib/python3.10/site-packages/final_code-0.0.1-py3.10.egg-info' (and everything under it)
Copying build/final_code/final_code.egg-info to /home/zeyi19@netid.washington.edu/ningbo_ws/src/final_code/install/final_code/lib/python3.10/site-packages/final_code-0.0.1-py3.10.egg-info
running install_scripts
Installing arm script to /home/zeyi19@netid.washington.edu/ningbo_ws/src/final_code/install/final_code/lib/final_code
Installing arm_bonus script to /home/zeyi19@netid.washington.edu/ningbo_ws/src/final_code/install/final_code/lib/final_code
Installing car script to /home/zeyi19@netid.washington.edu/ningbo_ws/src/final_code/install/final_code/lib/final_code
Installing car_bonus script to /home/zeyi19@netid.washington.edu/ningbo_ws/src/final_code/install/final_code/lib/final_code
Installing gen3lite_pymoveit2 script to /home/zeyi19@netid.washington.edu/ningbo_ws/src/final_code/install/final_code/lib/final_code
Installing go_to_position script to /home/zeyi19@netid.washington.edu/ningbo_ws/src/final_code/install/final_code/lib/final_code
Installing gripper_position script to /home/zeyi19@netid.washington.edu/ningbo_ws/src/final_code/install/final_code/lib/final_code
Installing move_to script to /home/zeyi19@netid.washington.edu/ningbo_ws/src/final_code/install/final_code/lib/final_code
Installing real_arm script to /home/zeyi19@netid.washington.edu/ningbo_ws/src/final_code/install/final_code/lib/final_code
Installing test script to /home/zeyi19@netid.washington.edu/ningbo_ws/src/final_code/install/final_code/lib/final_code
Installing trajectory_from_csv script to /home/zeyi19@netid.washington.edu/ningbo_ws/src/final_code/install/final_code/lib/final_code
writing list of installed files to '/home/zeyi19@netid.washington.edu/ningbo_ws/src/final_code/build/final_code/install.log'
