[0.933s] Invoking command in '/home/zeyi19@netid.washington.edu/ningbo_ws/src/final_code': PYTHONPATH=/home/zeyi19@netid.washington.edu/ningbo_ws/src/final_code/build/final_code/prefix_override:/usr/lib/python3/dist-packages/colcon_core/task/python/colcon_distutils_commands:/home/zeyi19@netid.washington.edu/ningbo_ws/src/final_code/install/final_code/lib/python3.10/site-packages:${PYTHONPATH} /usr/bin/python3 -W ignore:setup.py install is deprecated -W ignore:easy_install command is deprecated setup.py egg_info --egg-base build/final_code build --build-base /home/zeyi19@netid.washington.edu/ningbo_ws/src/final_code/build/final_code/build install --record /home/zeyi19@netid.washington.edu/ningbo_ws/src/final_code/build/final_code/install.log --single-version-externally-managed install_data
[1.283s] running egg_info
[1.284s] writing build/final_code/final_code.egg-info/PKG-INFO
[1.284s] writing dependency_links to build/final_code/final_code.egg-info/dependency_links.txt
[1.284s] writing entry points to build/final_code/final_code.egg-info/entry_points.txt
[1.284s] writing requirements to build/final_code/final_code.egg-info/requires.txt
[1.284s] writing top-level names to build/final_code/final_code.egg-info/top_level.txt
[1.286s] reading manifest file 'build/final_code/final_code.egg-info/SOURCES.txt'
[1.287s] writing manifest file 'build/final_code/final_code.egg-info/SOURCES.txt'
[1.287s] running build
[1.288s] running build_py
[1.288s] copying final_code/car_bonus.py -> /home/zeyi19@netid.washington.edu/ningbo_ws/src/final_code/build/final_code/build/lib/final_code
[1.288s] running install
[1.289s] running install_lib
[1.290s] copying /home/zeyi19@netid.washington.edu/ningbo_ws/src/final_code/build/final_code/build/lib/final_code/car_bonus.py -> /home/zeyi19@netid.washington.edu/ningbo_ws/src/final_code/install/final_code/lib/python3.10/site-packages/final_code
[1.291s] byte-compiling /home/zeyi19@netid.washington.edu/ningbo_ws/src/final_code/install/final_code/lib/python3.10/site-packages/final_code/car_bonus.py to car_bonus.cpython-310.pyc
[1.292s] running install_data
[1.292s] running install_egg_info
[1.296s] removing '/home/zeyi19@netid.washington.edu/ningbo_ws/src/final_code/install/final_code/lib/python3.10/site-packages/final_code-0.0.1-py3.10.egg-info' (and everything under it)
[1.297s] Copying build/final_code/final_code.egg-info to /home/zeyi19@netid.washington.edu/ningbo_ws/src/final_code/install/final_code/lib/python3.10/site-packages/final_code-0.0.1-py3.10.egg-info
[1.298s] running install_scripts
[1.324s] Installing arm script to /home/zeyi19@netid.washington.edu/ningbo_ws/src/final_code/install/final_code/lib/final_code
[1.324s] Installing arm_bonus script to /home/zeyi19@netid.washington.edu/ningbo_ws/src/final_code/install/final_code/lib/final_code
[1.325s] Installing car script to /home/zeyi19@netid.washington.edu/ningbo_ws/src/final_code/install/final_code/lib/final_code
[1.325s] Installing car_bonus script to /home/zeyi19@netid.washington.edu/ningbo_ws/src/final_code/install/final_code/lib/final_code
[1.325s] Installing gen3lite_pymoveit2 script to /home/zeyi19@netid.washington.edu/ningbo_ws/src/final_code/install/final_code/lib/final_code
[1.325s] Installing go_to_position script to /home/zeyi19@netid.washington.edu/ningbo_ws/src/final_code/install/final_code/lib/final_code
[1.325s] Installing gripper_position script to /home/zeyi19@netid.washington.edu/ningbo_ws/src/final_code/install/final_code/lib/final_code
[1.326s] Installing move_to script to /home/zeyi19@netid.washington.edu/ningbo_ws/src/final_code/install/final_code/lib/final_code
[1.326s] Installing real_arm script to /home/zeyi19@netid.washington.edu/ningbo_ws/src/final_code/install/final_code/lib/final_code
[1.326s] Installing test script to /home/zeyi19@netid.washington.edu/ningbo_ws/src/final_code/install/final_code/lib/final_code
[1.326s] Installing trajectory_from_csv script to /home/zeyi19@netid.washington.edu/ningbo_ws/src/final_code/install/final_code/lib/final_code
[1.326s] writing list of installed files to '/home/zeyi19@netid.washington.edu/ningbo_ws/src/final_code/build/final_code/install.log'
[1.366s] Invoked command in '/home/zeyi19@netid.washington.edu/ningbo_ws/src/final_code' returned '0': PYTHONPATH=/home/zeyi19@netid.washington.edu/ningbo_ws/src/final_code/build/final_code/prefix_override:/usr/lib/python3/dist-packages/colcon_core/task/python/colcon_distutils_commands:/home/zeyi19@netid.washington.edu/ningbo_ws/src/final_code/install/final_code/lib/python3.10/site-packages:${PYTHONPATH} /usr/bin/python3 -W ignore:setup.py install is deprecated -W ignore:easy_install command is deprecated setup.py egg_info --egg-base build/final_code build --build-base /home/zeyi19@netid.washington.edu/ningbo_ws/src/final_code/build/final_code/build install --record /home/zeyi19@netid.washington.edu/ningbo_ws/src/final_code/build/final_code/install.log --single-version-externally-managed install_data
