/home/zeyi19@netid.washington.edu/ningbo_ws/src/final_code/install/final_code/lib/python3.10/site-packages/final_code/arm.py
/home/zeyi19@netid.washington.edu/ningbo_ws/src/final_code/install/final_code/lib/python3.10/site-packages/final_code/gen3lite_pymoveit2.py
/home/zeyi19@netid.washington.edu/ningbo_ws/src/final_code/install/final_code/lib/python3.10/site-packages/final_code/car_bonus.py
/home/zeyi19@netid.washington.edu/ningbo_ws/src/final_code/install/final_code/lib/python3.10/site-packages/final_code/__init__.py
/home/zeyi19@netid.washington.edu/ningbo_ws/src/final_code/install/final_code/lib/python3.10/site-packages/final_code/arm_bonus.py
/home/zeyi19@netid.washington.edu/ningbo_ws/src/final_code/install/final_code/lib/python3.10/site-packages/final_code/car.py
/home/zeyi19@netid.washington.edu/ningbo_ws/src/final_code/install/final_code/lib/python3.10/site-packages/final_code/__pycache__/arm.cpython-310.pyc
/home/zeyi19@netid.washington.edu/ningbo_ws/src/final_code/install/final_code/lib/python3.10/site-packages/final_code/__pycache__/gen3lite_pymoveit2.cpython-310.pyc
/home/zeyi19@netid.washington.edu/ningbo_ws/src/final_code/install/final_code/lib/python3.10/site-packages/final_code/__pycache__/car_bonus.cpython-310.pyc
/home/zeyi19@netid.washington.edu/ningbo_ws/src/final_code/install/final_code/lib/python3.10/site-packages/final_code/__pycache__/__init__.cpython-310.pyc
/home/zeyi19@netid.washington.edu/ningbo_ws/src/final_code/install/final_code/lib/python3.10/site-packages/final_code/__pycache__/arm_bonus.cpython-310.pyc
/home/zeyi19@netid.washington.edu/ningbo_ws/src/final_code/install/final_code/lib/python3.10/site-packages/final_code/__pycache__/car.cpython-310.pyc
/home/zeyi19@netid.washington.edu/ningbo_ws/src/final_code/install/final_code/share/ament_index/resource_index/packages/final_code
/home/zeyi19@netid.washington.edu/ningbo_ws/src/final_code/install/final_code/share/final_code/package.xml
/home/zeyi19@netid.washington.edu/ningbo_ws/src/final_code/install/final_code/share/final_code/launch/sort_world.launch.py
/home/zeyi19@netid.washington.edu/ningbo_ws/src/final_code/install/final_code/share/final_code/worlds/sort_world.sdf
/home/zeyi19@netid.washington.edu/ningbo_ws/src/final_code/install/final_code/lib/python3.10/site-packages/final_code-0.0.1-py3.10.egg-info/requires.txt
/home/zeyi19@netid.washington.edu/ningbo_ws/src/final_code/install/final_code/lib/python3.10/site-packages/final_code-0.0.1-py3.10.egg-info/SOURCES.txt
/home/zeyi19@netid.washington.edu/ningbo_ws/src/final_code/install/final_code/lib/python3.10/site-packages/final_code-0.0.1-py3.10.egg-info/zip-safe
/home/zeyi19@netid.washington.edu/ningbo_ws/src/final_code/install/final_code/lib/python3.10/site-packages/final_code-0.0.1-py3.10.egg-info/entry_points.txt
/home/zeyi19@netid.washington.edu/ningbo_ws/src/final_code/install/final_code/lib/python3.10/site-packages/final_code-0.0.1-py3.10.egg-info/PKG-INFO
/home/zeyi19@netid.washington.edu/ningbo_ws/src/final_code/install/final_code/lib/python3.10/site-packages/final_code-0.0.1-py3.10.egg-info/dependency_links.txt
/home/zeyi19@netid.washington.edu/ningbo_ws/src/final_code/install/final_code/lib/python3.10/site-packages/final_code-0.0.1-py3.10.egg-info/top_level.txt
/home/zeyi19@netid.washington.edu/ningbo_ws/src/final_code/install/final_code/lib/final_code/arm
/home/zeyi19@netid.washington.edu/ningbo_ws/src/final_code/install/final_code/lib/final_code/arm_bonus
/home/zeyi19@netid.washington.edu/ningbo_ws/src/final_code/install/final_code/lib/final_code/car
/home/zeyi19@netid.washington.edu/ningbo_ws/src/final_code/install/final_code/lib/final_code/car_bonus
/home/zeyi19@netid.washington.edu/ningbo_ws/src/final_code/install/final_code/lib/final_code/gen3lite_pymoveit2
/home/zeyi19@netid.washington.edu/ningbo_ws/src/final_code/install/final_code/lib/final_code/go_to_position
/home/zeyi19@netid.washington.edu/ningbo_ws/src/final_code/install/final_code/lib/final_code/gripper_position
/home/zeyi19@netid.washington.edu/ningbo_ws/src/final_code/install/final_code/lib/final_code/move_to
/home/zeyi19@netid.washington.edu/ningbo_ws/src/final_code/install/final_code/lib/final_code/real_arm
/home/zeyi19@netid.washington.edu/ningbo_ws/src/final_code/install/final_code/lib/final_code/test
/home/zeyi19@netid.washington.edu/ningbo_ws/src/final_code/install/final_code/lib/final_code/trajectory_from_csv
